app/build/intermediates/manifest_merge_blame_file/debug/manifest-merger-blame-debug-report.txt
1<?xml version="1.0" encoding="utf-8"?>
2<manifest xmlns:android="http://schemas.android.com/apk/res/android"
3    package="com.appad"
4    android:versionCode="1"
5    android:versionName="1.0" >
6
7    <uses-sdk
8        android:minSdkVersion="24"
9        android:targetSdkVersion="33" />
10
11    <uses-permission android:name="android.permission.INTERNET" />
11-->src\main\AndroidManifest.xml:5:5-67
11-->src\main\AndroidManifest.xml:5:22-64
12    <uses-permission android:name="android.permission.FOREGROUND_SERVICE" />
12-->src\main\AndroidManifest.xml:6:5-77
12-->src\main\AndroidManifest.xml:6:22-74
13    <uses-permission android:name="android.permission.WAKE_LOCK" />
13-->src\main\AndroidManifest.xml:7:5-68
13-->src\main\AndroidManifest.xml:7:22-65
14    <uses-permission android:name="android.permission.WRITE_EXTERNAL_STORAGE" />
14-->src\main\AndroidManifest.xml:8:5-81
14-->src\main\AndroidManifest.xml:8:22-78
15    <uses-permission android:name="android.permission.READ_EXTERNAL_STORAGE" />
15-->src\main\AndroidManifest.xml:9:5-80
15-->src\main\AndroidManifest.xml:9:22-77
16    <uses-permission android:name="android.permission.POST_NOTIFICATIONS" />
16-->src\main\AndroidManifest.xml:10:5-77
16-->src\main\AndroidManifest.xml:10:22-74
17    <uses-permission android:name="android.permission.ACCESS_NETWORK_STATE" />
17-->[com.google.android.exoplayer:exoplayer-core:2.19.1] AndroidManifest.xml:24:5-79
17-->[com.google.android.exoplayer:exoplayer-core:2.19.1] AndroidManifest.xml:24:22-76
18
19    <permission
19-->[androidx.core:core:1.9.0] AndroidManifest.xml:22:5-24:47
20        android:name="com.appad.DYNAMIC_RECEIVER_NOT_EXPORTED_PERMISSION"
20-->[androidx.core:core:1.9.0] AndroidManifest.xml:23:9-81
21        android:protectionLevel="signature" />
21-->[androidx.core:core:1.9.0] AndroidManifest.xml:24:9-44
22
23    <uses-permission android:name="com.appad.DYNAMIC_RECEIVER_NOT_EXPORTED_PERMISSION" />
23-->[androidx.core:core:1.9.0] AndroidManifest.xml:26:5-97
23-->[androidx.core:core:1.9.0] AndroidManifest.xml:26:22-94
24
25    <application
25-->src\main\AndroidManifest.xml:12:5-77:19
26        android:name="com.appad.MusicApplication"
26-->src\main\AndroidManifest.xml:13:9-41
27        android:allowBackup="true"
27-->src\main\AndroidManifest.xml:14:9-35
28        android:appComponentFactory="androidx.core.app.CoreComponentFactory"
28-->[androidx.core:core:1.9.0] AndroidManifest.xml:28:18-86
29        android:debuggable="true"
30        android:extractNativeLibs="false"
31        android:icon="@mipmap/ic_launcher"
31-->src\main\AndroidManifest.xml:15:9-43
32        android:label="@string/app_name"
32-->src\main\AndroidManifest.xml:16:9-41
33        android:roundIcon="@mipmap/ic_launcher_round"
33-->src\main\AndroidManifest.xml:17:9-54
34        android:supportsRtl="true"
34-->src\main\AndroidManifest.xml:18:9-35
35        android:testOnly="true"
36        android:theme="@style/Theme.MaterialComponents.DayNight.NoActionBar"
36-->src\main\AndroidManifest.xml:19:9-77
37        android:usesCleartextTraffic="true" >
37-->src\main\AndroidManifest.xml:20:9-44
38        <activity
38-->src\main\AndroidManifest.xml:22:9-29:20
39            android:name="com.appad.activities.LoginActivity"
39-->src\main\AndroidManifest.xml:23:13-53
40            android:exported="true" >
40-->src\main\AndroidManifest.xml:24:13-36
41            <intent-filter>
41-->src\main\AndroidManifest.xml:25:13-28:29
42                <action android:name="android.intent.action.MAIN" />
42-->src\main\AndroidManifest.xml:26:17-69
42-->src\main\AndroidManifest.xml:26:25-66
43
44                <category android:name="android.intent.category.LAUNCHER" />
44-->src\main\AndroidManifest.xml:27:17-77
44-->src\main\AndroidManifest.xml:27:27-74
45            </intent-filter>
46        </activity>
47        <activity android:name="com.appad.activities.MainActivity" />
47-->src\main\AndroidManifest.xml:31:9-61
47-->src\main\AndroidManifest.xml:31:19-58
48        <activity android:name="com.appad.activities.RegisterActivity" />
48-->src\main\AndroidManifest.xml:32:9-65
48-->src\main\AndroidManifest.xml:32:19-62
49        <activity android:name="com.appad.activities.LibraryActivity" />
49-->src\main\AndroidManifest.xml:33:9-64
49-->src\main\AndroidManifest.xml:33:19-61
50        <activity android:name="com.appad.activities.FullPlayerActivity" />
50-->src\main\AndroidManifest.xml:34:9-67
50-->src\main\AndroidManifest.xml:34:19-64
51        <activity android:name="com.appad.activities.ArtistDetailActivity" />
51-->src\main\AndroidManifest.xml:35:9-69
51-->src\main\AndroidManifest.xml:35:19-66
52        <activity android:name="com.appad.activities.AlbumDetailActivity" />
52-->src\main\AndroidManifest.xml:36:9-68
52-->src\main\AndroidManifest.xml:36:19-65
53        <activity android:name="com.appad.activities.NotificationActivity" />
53-->src\main\AndroidManifest.xml:37:9-69
53-->src\main\AndroidManifest.xml:37:19-66
54        <activity android:name="com.appad.activities.UploadActivity" />
54-->src\main\AndroidManifest.xml:38:9-63
54-->src\main\AndroidManifest.xml:38:19-60
55        <activity android:name="com.appad.activities.PremiumActivity" />
55-->src\main\AndroidManifest.xml:39:9-64
55-->src\main\AndroidManifest.xml:39:19-61
56        <activity android:name="com.appad.activities.EditProfileActivity" />
56-->src\main\AndroidManifest.xml:40:9-68
56-->src\main\AndroidManifest.xml:40:19-65
57        <activity android:name="com.appad.activities.DepositActivity" />
57-->src\main\AndroidManifest.xml:41:9-64
57-->src\main\AndroidManifest.xml:41:19-61
58        <activity android:name="com.appad.activities.ChangePasswordActivity" />
58-->src\main\AndroidManifest.xml:42:9-71
58-->src\main\AndroidManifest.xml:42:19-68
59        <activity android:name="com.appad.activities.ArtistDashboardActivity" />
59-->src\main\AndroidManifest.xml:43:9-72
59-->src\main\AndroidManifest.xml:43:19-69
60        <activity android:name="com.appad.activities.ManageSongsActivity" />
60-->src\main\AndroidManifest.xml:44:9-68
60-->src\main\AndroidManifest.xml:44:19-65
61        <activity android:name="com.appad.activities.WithdrawActivity" />
61-->src\main\AndroidManifest.xml:45:9-65
61-->src\main\AndroidManifest.xml:45:19-62
62        <activity android:name="com.appad.activities.TransactionHistoryActivity" />
62-->src\main\AndroidManifest.xml:46:9-75
62-->src\main\AndroidManifest.xml:46:19-72
63        <activity android:name="com.appad.activities.PlaylistDetailActivity" />
63-->src\main\AndroidManifest.xml:47:9-71
63-->src\main\AndroidManifest.xml:47:19-68
64        <activity android:name="com.appad.activities.AdminActivity" />
64-->src\main\AndroidManifest.xml:48:9-62
64-->src\main\AndroidManifest.xml:48:19-59
65        <activity android:name="com.appad.activities.AdminTransactionsActivity" />
65-->src\main\AndroidManifest.xml:49:9-74
65-->src\main\AndroidManifest.xml:49:19-71
66        <activity android:name="com.appad.activities.AdminWithdrawalsActivity" />
66-->src\main\AndroidManifest.xml:50:9-73
66-->src\main\AndroidManifest.xml:50:19-70
67        <activity android:name="com.appad.activities.AdminUsersActivity" />
67-->src\main\AndroidManifest.xml:51:9-67
67-->src\main\AndroidManifest.xml:51:19-64
68        <activity android:name="com.appad.activities.ManageAlbumsActivity" />
68-->src\main\AndroidManifest.xml:52:9-69
68-->src\main\AndroidManifest.xml:52:19-66
69        <activity android:name="com.appad.activities.ManageMembershipActivity" />
69-->src\main\AndroidManifest.xml:53:9-73
69-->src\main\AndroidManifest.xml:53:19-70
70        <activity android:name="com.appad.activities.EditSongActivity" />
70-->src\main\AndroidManifest.xml:54:9-65
70-->src\main\AndroidManifest.xml:54:19-62
71        <activity android:name="com.appad.activities.EditAlbumActivity" />
71-->src\main\AndroidManifest.xml:55:9-66
71-->src\main\AndroidManifest.xml:55:19-63
72        <activity android:name="com.appad.activities.AdminBroadcastActivity" />
72-->src\main\AndroidManifest.xml:56:9-71
72-->src\main\AndroidManifest.xml:56:19-68
73        <activity android:name="com.appad.activities.AdminArtistApprovalActivity" />
73-->src\main\AndroidManifest.xml:57:9-76
73-->src\main\AndroidManifest.xml:57:19-73
74        <activity android:name="com.appad.activities.GenreDetailActivity" />
74-->src\main\AndroidManifest.xml:58:9-68
74-->src\main\AndroidManifest.xml:58:19-65
75        <activity android:name="com.appad.activities.WalletActivity" />
75-->src\main\AndroidManifest.xml:59:9-63
75-->src\main\AndroidManifest.xml:59:19-60
76        <activity android:name="com.appad.activities.PurchasedSongsActivity" />
76-->src\main\AndroidManifest.xml:60:9-71
76-->src\main\AndroidManifest.xml:60:19-68
77        <activity android:name="com.appad.activities.AdminAlbumsActivity" />
77-->src\main\AndroidManifest.xml:61:9-68
77-->src\main\AndroidManifest.xml:61:19-65
78        <activity android:name="com.appad.activities.AdminSongsActivity" />
78-->src\main\AndroidManifest.xml:62:9-67
78-->src\main\AndroidManifest.xml:62:19-64
79        <activity android:name="com.appad.activities.AdminEditSongActivity" />
79-->src\main\AndroidManifest.xml:63:9-70
79-->src\main\AndroidManifest.xml:63:19-67
80        <activity android:name="com.appad.activities.AdminEditAlbumActivity" />
80-->src\main\AndroidManifest.xml:64:9-71
80-->src\main\AndroidManifest.xml:64:19-68
81        <activity android:name="com.appad.activities.AdminAnalyticsActivity" />
81-->src\main\AndroidManifest.xml:65:9-71
81-->src\main\AndroidManifest.xml:65:19-68
82        <activity android:name="com.appad.activities.AdminMembershipActivity" />
82-->src\main\AndroidManifest.xml:66:9-72
82-->src\main\AndroidManifest.xml:66:19-69
83        <activity android:name="com.appad.activities.AdminPremiumPayoutActivity" />
83-->src\main\AndroidManifest.xml:67:9-75
83-->src\main\AndroidManifest.xml:67:19-72
84        <activity android:name="com.appad.activities.MembershipHistoryActivity" />
84-->src\main\AndroidManifest.xml:68:9-74
84-->src\main\AndroidManifest.xml:68:19-71
85        <activity android:name="com.appad.activities.ArtistReviewsActivity" />
85-->src\main\AndroidManifest.xml:69:9-70
85-->src\main\AndroidManifest.xml:69:19-67
86        <activity android:name="com.appad.activities.AdminReviewsActivity" />
86-->src\main\AndroidManifest.xml:70:9-69
86-->src\main\AndroidManifest.xml:70:19-66
87        <activity android:name="com.appad.activities.SharedPlaylistActivity" />
87-->src\main\AndroidManifest.xml:71:9-71
87-->src\main\AndroidManifest.xml:71:19-68
88
89        <service
89-->src\main\AndroidManifest.xml:73:9-75:43
90            android:name="com.appad.services.MusicService"
90-->src\main\AndroidManifest.xml:74:13-50
91            android:stopWithTask="true" />
91-->src\main\AndroidManifest.xml:75:13-40
92
93        <provider
93-->[androidx.emoji2:emoji2:1.2.0] AndroidManifest.xml:24:9-32:20
94            android:name="androidx.startup.InitializationProvider"
94-->[androidx.emoji2:emoji2:1.2.0] AndroidManifest.xml:25:13-67
95            android:authorities="com.appad.androidx-startup"
95-->[androidx.emoji2:emoji2:1.2.0] AndroidManifest.xml:26:13-68
96            android:exported="false" >
96-->[androidx.emoji2:emoji2:1.2.0] AndroidManifest.xml:27:13-37
97            <meta-data
97-->[androidx.emoji2:emoji2:1.2.0] AndroidManifest.xml:29:13-31:52
98                android:name="androidx.emoji2.text.EmojiCompatInitializer"
98-->[androidx.emoji2:emoji2:1.2.0] AndroidManifest.xml:30:17-75
99                android:value="androidx.startup" />
99-->[androidx.emoji2:emoji2:1.2.0] AndroidManifest.xml:31:17-49
100            <meta-data
100-->[androidx.lifecycle:lifecycle-process:2.4.1] AndroidManifest.xml:31:13-33:52
101                android:name="androidx.lifecycle.ProcessLifecycleInitializer"
101-->[androidx.lifecycle:lifecycle-process:2.4.1] AndroidManifest.xml:32:17-78
102                android:value="androidx.startup" />
102-->[androidx.lifecycle:lifecycle-process:2.4.1] AndroidManifest.xml:33:17-49
103        </provider>
104    </application>
105
106</manifest>